  <chunked_documents> 
  <chunk number="1">
      <language1>
        19.3 In the event the Bank extends the time period for the completion of an investigation beyond fourteen (14) calendar days from the date a disputed Card Transaction is first reported, whether orally or in writing, by Cardholder to the Bank, the Bank must:
        (a) at a minimum, provisionally credit the full amount of the disputed transaction or Ringgit Malaysia Five Thousand (RM5,000), whichever is lower (including any interest or profit where applicable), into the Retail Purchase Account no later than fourteen (14) calendar days from the date the Cardholder provides the Bank with the information set out under Clause19.2 herein;
        (b) credit the remaining amount of the disputed Card Transaction (including any interest or profit where applicable) no later than thirty (30) calendar days from the date of the first crediting where the Bank has provisionally credited an amount into the Retail Purchase Account in accordance with Clause 19.3(a) herein which is lesser than the amount of the disputed Card Transaction; and
        (c) allow the Cardholder the full use of the provisionally credited funds.
        1.36 �MCF Enabled Account� means the Account of the Cardholder where the MCF (as defined under 
        Clause 1.45 herein) has been enabled, which may include a Retail Purchase Account. 
        1.37 �MEPS� means Malaysian Electronic Payment System Sdn Bhd an interbank network service provider 
        in Malaysia. 
      </language1>
      <language2>
        19.2 Dalam keadaan tertentu, peraturan skim kad membenarkan Pemegang Kad untuk mencaj-balik Transaksi Kad kepada Peniaga Sah bagi transaksi yang telah dibuat (jika hak caj-balik disediakan) tertakluk kepada aduan atau pertikaian telah dibuat oleh Pemegang Kad kepada Bank secara lisan atau bertulis dalam masa dua puluh satu (21) hari kalendar daripada Tarikh Pengeposan Transaksi Kad tersebut seperti dalam Penyata dan Pemegang Kad telah menyediakan maklumat yang diperlukan oleh Bank (iaitu: nama Pemegang Kad, Akaun yang terlibat, tarikh dan jumlah Kad transaksi yang dipertikaian dan sebab Pemegang Kad percaya bahawa ia adalah Transaksi Kad yang dipertikaikan) untuk menyokong caj balik dalam tempoh masa yang ditetapkan.
        19.3 Sekiranya Bank melanjutkan tempoh masa untuk menyelesaikan siasatan selepas empat belas (14) hari kalendar dari tarikh laporan terhadap Transaksi Kad yang dipertikaikan, sama ada secara lisan atau bertulis, oleh Pemegang Kad kepada Bank, Bank boleh: sekurang-kurangnya, sementara mengkreditkan jumlah penuh transaksi yang dipertikaikan atau Ringgit Malaysia Lima Ribu (RM5,000), yang mana lebih rendah (termasuk apa-apa keuntungan yang berkenaan), ke dalam Akaun Pembelian Runcit tidak lewat daripada empat belas (14) hari kalendar dari tarikh Pemegang Kad mengemukakan maklumat yang dinyatakandalam Klausa 19.2 kepada Bank;
        (a) mengkredit baki Transaksi Kad yang dipertikaikan (termasuk apa-apa keuntungan yang berkenaan) tidak lewat daripada tiga puluh (30) hari kalendar daripada tarikh perkreditan pertama dana sementara ke dalam Akaun Pembelian Runcit oleh Bank mengikut Klausa 19.3 (a) di mana dana tersebut adalah kurang daripada amaun Transaksi Kad yang dipertikaikan; dan
        (b) membenarkan Pemegang Kad menggunakan sepenuhnya dana sementara yang dikreditkan.
        1.36 
        �Akaun Diaktifkan MCF� bermaksud Akaun Pemegang Kad di mana MCF (seperti yang ditakrifkan 
        dalam Klausa 1.45 di sini) telah diupayakan, yang mungkin termasuk akaun yang dipautkan ke Kad 
        Debit. telah diaktifkan, yang mungkin termasuk Akaun Pembelian Runcit. 
      </language2>
  </chunk>
</chunked_documents> 
